<?xml version="1.0" encoding="UTF-8"?>
<!-- Generated by org.testng.reporters.JUnitReportReporter -->
<testsuite hostname="mm-in-Chaith" name="vivcap.com.testcases.StarofServiceTests" tests="1" failures="0" timestamp="6 May 2020 06:34:30 GMT" time="22.836" errors="0">
  <testcase name="startTestcase" time="22.836" classname="vivcap.com.testcases.StarofServiceTests"/>
</testsuite> <!-- vivcap.com.testcases.StarofServiceTests -->
