<?xml version="1.0" encoding="UTF-8"?>
<!-- Generated by org.testng.reporters.JUnitReportReporter -->
<testsuite hostname="mm-in-Chaith" name="vivcap.com.testcases.StarofService" tests="1" failures="0" timestamp="5 May 2020 07:23:26 GMT" time="0.008" errors="0">
  <testcase name="startTestcase" time="0.008" classname="vivcap.com.testcases.StarofService"/>
</testsuite> <!-- vivcap.com.testcases.StarofService -->
