<?xml version="1.0" encoding="UTF-8"?>
<!-- Generated by org.testng.reporters.JUnitReportReporter -->
<testsuite hostname="mm-in-Chaith" name="vivcap.com.testcases.StarofServiceTests" tests="1" failures="0" timestamp="6 May 2020 12:38:15 GMT" time="25.106" errors="0">
  <testcase name="startTestcase" time="25.106" classname="vivcap.com.testcases.StarofServiceTests"/>
</testsuite> <!-- vivcap.com.testcases.StarofServiceTests -->
